Arguments: 
  C:\Program Files\nodejs\node.exe C:\Users\heifa\AppData\Roaming\npm\node_modules\yarn\bin\yarn.js add bootstrap@4.6.0

PATH: 
  C:\Windows\system32;C:\Windows;C:\Windows\System32\Wbem;C:\Windows\System32\WindowsPowerShell\v1.0\;C:\Windows\System32\OpenSSH\;C:\Program Files\NVIDIA Corporation\NVIDIA NvDLISR;C:\Program Files (x86)\NVIDIA Corporation\PhysX\Common;C:\Program Files\Git\cmd;C:\Program Files\nodejs\;C:\Users\heifa\AppData\Local\Microsoft\WindowsApps;;C:\Users\heifa\AppData\Local\Programs\Microsoft VS Code\bin;C:\Users\heifa\AppData\Roaming\npm

Yarn version: 
  1.22.19

Node version: 
  16.16.0

Platform: 
  win32 x64

Trace: 
  Error: connect EHOSTUNREACH 104.16.24.35:443
      at TCPConnectWrap.afterConnect [as oncomplete] (node:net:1187:16)

npm manifest: 
  {
    "name": "react-typescript-login",
    "version": "0.1.0",
    "private": true,
    "dependencies": {
      "@testing-library/jest-dom": "^5.16.5",
      "@testing-library/react": "^13.3.0",
      "@testing-library/user-event": "^13.5.0",
      "@types/jest": "^27.5.2",
      "@types/node": "^16.11.49",
      "@types/react": "^18.0.17",
      "@types/react-dom": "^18.0.6",
      "react": "^18.2.0",
      "react-dom": "^18.2.0",
      "react-scripts": "5.0.1",
      "typescript": "^4.7.4",
      "web-vitals": "^2.1.4"
    },
    "scripts": {
      "start": "react-scripts start",
      "build": "react-scripts build",
      "test": "react-scripts test",
      "eject": "react-scripts eject"
    },
    "eslintConfig": {
      "extends": [
        "react-app",
        "react-app/jest"
      ]
    },
    "browserslist": {
      "production": [
        ">0.2%",
        "not dead",
        "not op_mini all"
      ],
      "development": [
        "last 1 chrome version",
        "last 1 firefox version",
        "last 1 safari version"
      ]
    }
  }

yarn manifest: 
  No manifest

Lockfile: 
  No lockfile
